[1216/120931.799:ERROR:backend_impl.cc(1065)] Critical error found -8
[1216/120931.800:WARNING:storage_block-inl.h(131)] Failed data load.
[1216/120931.800:ERROR:entry_impl.cc(985)] Failed to save user data
[1222/213647.770:INFO:CONSOLE(1)] "Uncaught SyntaxError: Unexpected token З in JSON at position 12066", source: file:///test.html (1)
[1222/213803.238:ERROR:block_files.cc(471)] Failed to open GPUCache\data_3
[1222/213803.284:ERROR:cache_util_win.cc(19)] Unable to move the cache: 5
[1222/213803.306:ERROR:cache_util.cc(140)] Unable to move cache folder GPUCache to old_GPUCache_000
[1222/213803.306:ERROR:disk_cache.cc(168)] Unable to create cache
[1222/213803.315:ERROR:shader_disk_cache.cc(620)] Shader Cache Creation failed: -2
[1222/213804.615:INFO:CONSOLE(1)] "Uncaught SyntaxError: Unexpected token З in JSON at position 12066", source: file:///test.html (1)
[1222/214228.365:INFO:CONSOLE(1)] "Uncaught SyntaxError: Unexpected token З in JSON at position 12074", source: file:///test.html (1)
[1222/214242.121:ERROR:render_widget_host_impl.cc(2912)] Surface invariants violation: [OOPIF? 0] RenderWidgetSurfaceProperties(size(this: 1389x732, other: 1393x741))

[1222/214302.992:INFO:CONSOLE(1)] "Uncaught SyntaxError: Unexpected token З in JSON at position 12074", source: file:///test.html (1)
[1222/214305.399:ERROR:render_widget_host_impl.cc(2912)] Surface invariants violation: [OOPIF? 0] RenderWidgetSurfaceProperties(size(this: 1284x671, other: 1284x666))

[1222/214308.117:ERROR:render_widget_host_impl.cc(2912)] Surface invariants violation: [OOPIF? 0] RenderWidgetSurfaceProperties(size(this: 1284x671, other: 1284x666))

[1222/214308.249:ERROR:render_widget_host_impl.cc(2912)] Surface invariants violation: [OOPIF? 0] RenderWidgetSurfaceProperties(size(this: 1284x671, other: 1284x666))

[1222/214308.383:ERROR:render_widget_host_impl.cc(2912)] Surface invariants violation: [OOPIF? 0] RenderWidgetSurfaceProperties(size(this: 1284x671, other: 1284x666))

[1222/214308.414:ERROR:render_widget_host_impl.cc(2912)] Surface invariants violation: [OOPIF? 0] RenderWidgetSurfaceProperties(size(this: 1284x671, other: 1284x666))

[1222/214328.416:ERROR:render_widget_host_impl.cc(2912)] Surface invariants violation: [OOPIF? 0] RenderWidgetSurfaceProperties(size(this: 1284x671, other: 1284x666))

[1222/214328.449:ERROR:render_widget_host_impl.cc(2912)] Surface invariants violation: [OOPIF? 0] RenderWidgetSurfaceProperties(size(this: 1284x671, other: 1284x666))

[1222/214333.483:ERROR:render_widget_host_impl.cc(2912)] Surface invariants violation: [OOPIF? 0] RenderWidgetSurfaceProperties(size(this: 1284x671, other: 1284x666))

[1222/214333.515:ERROR:render_widget_host_impl.cc(2912)] Surface invariants violation: [OOPIF? 0] RenderWidgetSurfaceProperties(size(this: 1284x671, other: 1284x666))

[1222/214338.048:ERROR:render_widget_host_impl.cc(2912)] Surface invariants violation: [OOPIF? 0] RenderWidgetSurfaceProperties(size(this: 1284x671, other: 1284x666))

[1222/222954.630:INFO:CONSOLE(1)] "Uncaught SyntaxError: Unexpected token З in JSON at position 6193", source: file:///test.html (1)
[1222/223914.756:INFO:CONSOLE(1)] "Uncaught SyntaxError: Unexpected token З in JSON at position 6175", source: file:///test.html (1)
[1222/232430.967:INFO:CONSOLE(1)] "Uncaught SyntaxError: Unexpected token З in JSON at position 5706", source: file:///test.html (1)
[1222/233144.571:INFO:CONSOLE(64)] "Uncaught ReferenceError: DG is not defined", source: file:///map.js (64)
[1222/233627.118:ERROR:block_files.cc(471)] Failed to open GPUCache\data_3
[1222/233627.122:ERROR:cache_util_win.cc(19)] Unable to move the cache: 5
[1222/233627.129:ERROR:cache_util.cc(140)] Unable to move cache folder GPUCache to old_GPUCache_000
[1222/233627.129:ERROR:disk_cache.cc(168)] Unable to create cache
[1222/233627.130:ERROR:shader_disk_cache.cc(620)] Shader Cache Creation failed: -2
[1222/234114.839:INFO:CONSOLE(64)] "Uncaught ReferenceError: DG is not defined", source: file:///map.js (64)
[1225/214139.098:WARNING:spdy_session.cc(3097)] Received HEADERS for invalid stream 165
[1225/214139.875:WARNING:spdy_session.cc(3097)] Received HEADERS for invalid stream 213
[1225/214139.875:WARNING:spdy_session.cc(3097)] Received HEADERS for invalid stream 217
[1225/214139.876:WARNING:spdy_session.cc(3097)] Received HEADERS for invalid stream 215
[1225/214139.876:WARNING:spdy_session.cc(3097)] Received HEADERS for invalid stream 221
[1225/214139.876:WARNING:spdy_session.cc(3097)] Received HEADERS for invalid stream 227
[1225/214139.876:WARNING:spdy_session.cc(3097)] Received HEADERS for invalid stream 225
[1225/214139.876:WARNING:spdy_session.cc(3097)] Received HEADERS for invalid stream 223
[1225/214139.876:WARNING:spdy_session.cc(3097)] Received HEADERS for invalid stream 219
[1225/214142.155:WARNING:spdy_session.cc(3097)] Received HEADERS for invalid stream 277
[1225/214142.197:WARNING:spdy_session.cc(3097)] Received HEADERS for invalid stream 293
[1225/214142.226:WARNING:spdy_session.cc(3097)] Received HEADERS for invalid stream 285
[1225/214142.287:WARNING:spdy_session.cc(3097)] Received HEADERS for invalid stream 281
[1225/214142.320:WARNING:spdy_session.cc(3097)] Received HEADERS for invalid stream 289
[1225/214142.345:WARNING:spdy_session.cc(3097)] Received HEADERS for invalid stream 295
[1225/214142.380:WARNING:spdy_session.cc(3097)] Received HEADERS for invalid stream 283
[1225/214142.389:WARNING:spdy_session.cc(3097)] Received HEADERS for invalid stream 279
[1225/214142.442:WARNING:spdy_session.cc(3097)] Received HEADERS for invalid stream 291
[1225/214142.442:WARNING:spdy_session.cc(3097)] Received HEADERS for invalid stream 287
[1225/214142.443:WARNING:spdy_session.cc(3097)] Received HEADERS for invalid stream 297
[1225/214142.443:WARNING:spdy_session.cc(3097)] Received HEADERS for invalid stream 299
[1225/214142.443:WARNING:spdy_session.cc(3097)] Received HEADERS for invalid stream 303
[1225/214142.444:WARNING:spdy_session.cc(3097)] Received HEADERS for invalid stream 307
[1225/214142.444:WARNING:spdy_session.cc(3097)] Received HEADERS for invalid stream 305
[1225/214142.444:WARNING:spdy_session.cc(3097)] Received HEADERS for invalid stream 301
[1225/214142.444:WARNING:spdy_session.cc(3097)] Received HEADERS for invalid stream 311
[1225/214142.445:WARNING:spdy_session.cc(3097)] Received HEADERS for invalid stream 309
[1225/214142.445:WARNING:spdy_session.cc(3097)] Received HEADERS for invalid stream 313
[1225/214142.445:WARNING:spdy_session.cc(3097)] Received HEADERS for invalid stream 321
[1225/214142.445:WARNING:spdy_session.cc(3097)] Received HEADERS for invalid stream 317
[1225/214142.445:WARNING:spdy_session.cc(3097)] Received HEADERS for invalid stream 323
[1225/214142.445:WARNING:spdy_session.cc(3097)] Received HEADERS for invalid stream 315
[1225/214142.445:WARNING:spdy_session.cc(3097)] Received HEADERS for invalid stream 319
[1225/214142.445:WARNING:spdy_session.cc(3097)] Received HEADERS for invalid stream 325
[1225/214142.466:WARNING:spdy_session.cc(3097)] Received HEADERS for invalid stream 327
[1225/214142.490:WARNING:spdy_session.cc(3097)] Received HEADERS for invalid stream 329
[1225/214142.491:WARNING:spdy_session.cc(3097)] Received HEADERS for invalid stream 331
[1225/214142.492:WARNING:spdy_session.cc(3097)] Received HEADERS for invalid stream 333
[1225/214142.528:WARNING:spdy_session.cc(3097)] Received HEADERS for invalid stream 339
[1225/214142.528:WARNING:spdy_session.cc(3097)] Received HEADERS for invalid stream 337
[1225/214142.528:WARNING:spdy_session.cc(3097)] Received HEADERS for invalid stream 343
[1225/214142.530:WARNING:spdy_session.cc(3097)] Received HEADERS for invalid stream 345
[1225/214142.627:WARNING:spdy_session.cc(3097)] Received HEADERS for invalid stream 335
[1225/214142.629:WARNING:spdy_session.cc(3097)] Received HEADERS for invalid stream 341
[1225/214143.013:WARNING:spdy_session.cc(3097)] Received HEADERS for invalid stream 377
[1225/214143.014:WARNING:spdy_session.cc(3097)] Received HEADERS for invalid stream 375
[1225/214143.097:WARNING:spdy_session.cc(3097)] Received HEADERS for invalid stream 365
[1225/214143.097:WARNING:spdy_session.cc(3097)] Received HEADERS for invalid stream 373
[1225/214143.154:WARNING:spdy_session.cc(3097)] Received HEADERS for invalid stream 379
[1225/214143.155:WARNING:spdy_session.cc(3097)] Received HEADERS for invalid stream 383
[1225/214143.182:WARNING:spdy_session.cc(3097)] Received HEADERS for invalid stream 381
[1225/214315.457:WARNING:spdy_session.cc(3097)] Received HEADERS for invalid stream 17
